<?xml version="1.0" encoding="UTF-8"?>
<!-- Generated by org.testng.reporters.JUnitXMLReporter -->
<testsuite ignored="4" hostname="Alans-MacBook-Air.local" failures="2" tests="3" name="AllTests" time="26.208" errors="0" timestamp="2024-06-17T11:01:40 EDT">
  <testcase classname="BaseClassPackage.BaseDriver" name="@AfterMethod getstatus" time="0.001">
    <failure type="java.lang.NullPointerException" message="Cannot invoke &amp;quot;com.aventstack.extentreports.ExtentTest.log(com.aventstack.extentreports.Status, String)&amp;quot; because &amp;quot;this.test&amp;quot; is null">
      <![CDATA[java.lang.NullPointerException: Cannot invoke "com.aventstack.extentreports.ExtentTest.log(com.aventstack.extentreports.Status, String)" because "this.test" is null
at BaseClassPackage.BaseDriver.getstatus(BaseDriver.java:88)
at java.base/java.util.ArrayList.forEach(ArrayList.java:1511)
... Removed 32 stack frames]]>
    </failure>
  </testcase> <!-- @AfterMethod getstatus -->
  <testcase classname="BaseClassPackage.BaseDriver" name="@AfterMethod getstatus" time="0.0">
    <failure type="java.lang.NullPointerException" message="Cannot invoke &amp;quot;com.aventstack.extentreports.ExtentTest.log(com.aventstack.extentreports.Status, String)&amp;quot; because &amp;quot;this.test&amp;quot; is null">
      <![CDATA[java.lang.NullPointerException: Cannot invoke "com.aventstack.extentreports.ExtentTest.log(com.aventstack.extentreports.Status, String)" because "this.test" is null
at BaseClassPackage.BaseDriver.getstatus(BaseDriver.java:88)
at java.base/java.util.ArrayList.forEach(ArrayList.java:1511)
... Removed 32 stack frames]]>
    </failure>
  </testcase> <!-- @AfterMethod getstatus -->
  <testcase classname="com.test.scripts.ContactPageTest" name="contactUsClickTest" time="8.007"/>
  <testcase classname="com.test.scripts.SearchTest" name="searchForAnythingTest" time="0.002">
    <failure type="java.lang.NullPointerException" message="Cannot invoke &amp;quot;com.aventstack.extentreports.ExtentReports.createTest(String)&amp;quot; because &amp;quot;this.extent&amp;quot; is null">
      <![CDATA[java.lang.NullPointerException: Cannot invoke "com.aventstack.extentreports.ExtentReports.createTest(String)" because "this.extent" is null
at com.test.scripts.SearchTest.searchForAnythingTest(SearchTest.java:13)
at java.base/java.util.ArrayList.forEach(ArrayList.java:1511)
... Removed 27 stack frames]]>
    </failure>
  </testcase> <!-- searchForAnythingTest -->
  <testcase classname="com.test.scripts.StoresButtonTest" name="storesButtonClickTest" time="0.002">
    <failure type="java.lang.NullPointerException" message="Cannot invoke &amp;quot;com.aventstack.extentreports.ExtentReports.createTest(String)&amp;quot; because &amp;quot;this.extent&amp;quot; is null">
      <![CDATA[java.lang.NullPointerException: Cannot invoke "com.aventstack.extentreports.ExtentReports.createTest(String)" because "this.extent" is null
at com.test.scripts.StoresButtonTest.storesButtonClickTest(StoresButtonTest.java:13)
at java.base/java.util.ArrayList.forEach(ArrayList.java:1511)
... Removed 27 stack frames]]>
    </failure>
  </testcase> <!-- storesButtonClickTest -->
  <testcase classname="BaseClassPackage.BaseDriver" name="@BeforeSuite SetExtentReport" time="0.0">
    <ignored/>
  </testcase> <!-- @BeforeSuite SetExtentReport -->
  <testcase classname="BaseClassPackage.BaseDriver" name="@BeforeSuite SetExtentReport" time="0.0">
    <ignored/>
  </testcase> <!-- @BeforeSuite SetExtentReport -->
  <testcase classname="BaseClassPackage.BaseDriver" name="@AfterTest tearDown" time="0.0">
    <ignored/>
  </testcase> <!-- @AfterTest tearDown -->
  <testcase classname="BaseClassPackage.BaseDriver" name="@AfterTest tearDown" time="0.0">
    <ignored/>
  </testcase> <!-- @AfterTest tearDown -->
</testsuite> <!-- AllTests -->
