<?xml version="1.0" encoding="UTF-8"?>
<!-- Generated by org.testng.reporters.JUnitXMLReporter -->
<testsuite ignored="0" hostname="Alans-MacBook-Air.local" failures="1" tests="2" name="ContactPageTest" time="29.426" errors="0" timestamp="2024-06-17T14:08:50 EDT">
  <testcase classname="com.test.scripts.ContactPageTest" name="emailValidationTest" time="8.095"/>
  <testcase classname="com.test.scripts.ContactPageTest" name="emailValidationTest" time="7.736">
    <failure type="java.lang.AssertionError" message="expected [incorrectemail@firstcry.com] but found [customercare@firstcry.com]">
      <![CDATA[java.lang.AssertionError: expected [incorrectemail@firstcry.com] but found [customercare@firstcry.com]
at com.training.Pages.ContactUsPage.validateEmailAddress(ContactUsPage.java:48)
at com.test.scripts.ContactPageTest.emailValidationTest(ContactPageTest.java:18)
at java.base/java.util.ArrayList.forEach(ArrayList.java:1511)
... Removed 33 stack frames]]>
    </failure>
  </testcase> <!-- emailValidationTest -->
</testsuite> <!-- ContactPageTest -->
